<?xml version="1.0" encoding="UTF-8"?>
<datasources xmlns="http://www.jboss.org/ironjacamar/schema">
	<datasource jta="true" jndi-name="java:jboss/datasources/StorageTestMasterOnly" pool-name="StorageTestMasterOnly" enabled="true" use-ccm="true">
		<connection-url>jdbc:h2:mem:storage_test;DB_CLOSE_DELAY=-1;DB_CLOSE_ON_EXIT=FALSE</connection-url>
		<driver>h2</driver>
		<security>
			<user-name>sa</user-name>
			<password>sa</password>
		</security>
	</datasource>
	<datasource jta="false" jndi-name="java:jboss/datasources/StorageTestReadOnly" pool-name="StorageTestReadOnly" enabled="true" use-ccm="true">
		<connection-url>jdbc:h2:mem:storage_test;DB_CLOSE_DELAY=-1;DB_CLOSE_ON_EXIT=FALSE</connection-url>
		<driver>h2</driver>
		<security>
			<user-name>sa</user-name>
			<password>sa</password>
		</security>
	</datasource>
</datasources>